Build started 05/05/2017 06:25:24.
     1>Project "C:\Users\larz\Documents\rm_framework - Cip-final\rm_framework - Cip\rm_framework_tests\rm_framework_tests.vcxproj" on node 2 (Build target(s)).
     1>ClCompile:
         C:\Program Files (x86)\Microsoft Visual Studio 14.0\VC\bin\CL.exe /c /I"C:\Program Files (x86)\Microsoft Visual Studio 14.0\VC\UnitTest\include" /Zi /nologo /W3 /WX- /O2 /Oi /Oy- /GL /D WIN32 /D NDEBUG /D _WINDLL /D _UNICODE /D UNICODE /Gm- /EHsc /MD /GS /Gy /fp:precise /Zc:wchar_t /Zc:forScope /Zc:inline /Yc"stdafx.h" /Fp"Release\rm_framework_tests.pch" /Fo"Release\\" /Fd"Release\vc140.pdb" /Gd /TP /analyze- /FC /errorReport:prompt stdafx.cpp
         stdafx.cpp
     1>c:\users\larz\documents\rm_framework - cip-final\rm_framework - cip\rm_framework_tests\stdafx.h(24): fatal error C1083: Cannot open include file: 'rm_framework.h': No such file or directory
     1>Done Building Project "C:\Users\larz\Documents\rm_framework - Cip-final\rm_framework - Cip\rm_framework_tests\rm_framework_tests.vcxproj" (Build target(s)) -- FAILED.

Build FAILED.

Time Elapsed 00:00:00.56
